<<<<<<< HEAD
2013/08/19 05:09:33 [error] [exception.CException] exception 'CException' with message 'Property "CWebUser.username" is not defined.' in /Library/WebServer/Documents/framework/base/CComponent.php:130
Stack trace:
#0 /Library/WebServer/Documents/framework/web/auth/CWebUser.php(140): CComponent->__get('username')
#1 /Library/WebServer/Documents/project/protected/views/layouts/main.php(63): CWebUser->__get('username')
#2 /Library/WebServer/Documents/framework/web/CBaseController.php(126): require('/Library/WebSer...')
#3 /Library/WebServer/Documents/framework/web/CBaseController.php(95): CBaseController->renderInternal('/Library/WebSer...', Array, true)
#4 /Library/WebServer/Documents/framework/web/widgets/CContentDecorator.php(76): CBaseController->renderFile('/Library/WebSer...', Array, true)
#5 /Library/WebServer/Documents/framework/web/widgets/CContentDecorator.php(54): CContentDecorator->decorate('<div id="conten...')
#6 /Library/WebServer/Documents/framework/web/widgets/COutputProcessor.php(44): CContentDecorator->processOutput('<div id="conten...')
#7 /Library/WebServer/Documents/framework/web/CBaseController.php(206): COutputProcessor->run()
#8 /Library/WebServer/Documents/framework/web/CBaseController.php(300): CBaseController->endWidget('CContentDecorat...')
#9 /Library/WebServer/Documents/project/protected/views/layouts/column1.php(6): CBaseController->endContent()
#10 /Library/WebServer/Documents/framework/web/CBaseController.php(126): require('/Library/WebSer...')
#11 /Library/WebServer/Documents/framework/web/CBaseController.php(95): CBaseController->renderInternal('/Library/WebSer...', Array, true)
#12 /Library/WebServer/Documents/framework/web/CController.php(784): CBaseController->renderFile('/Library/WebSer...', Array, true)
#13 /Library/WebServer/Documents/project/protected/controllers/SiteController.php(32): CController->render('index')
#14 /Library/WebServer/Documents/framework/web/actions/CInlineAction.php(49): SiteController->actionIndex()
#15 /Library/WebServer/Documents/framework/web/CController.php(308): CInlineAction->runWithParams(Array)
#16 /Library/WebServer/Documents/framework/web/CController.php(286): CController->runAction(Object(CInlineAction))
#17 /Library/WebServer/Documents/framework/web/CController.php(265): CController->runActionWithFilters(Object(CInlineAction), Array)
#18 /Library/WebServer/Documents/framework/web/CWebApplication.php(282): CController->run('')
#19 /Library/WebServer/Documents/framework/web/CWebApplication.php(141): CWebApplication->runController('')
#20 /Library/WebServer/Documents/framework/base/CApplication.php(169): CWebApplication->processRequest()
#21 /Library/WebServer/Documents/project/index.php(13): CApplication->run()
#22 {main}
REQUEST_URI=/project/
---
2013/08/19 05:41:36 [error] [exception.CException] exception 'CException' with message 'Property "TbNavbar.brandLabel" is not defined.' in /Library/WebServer/Documents/framework/base/CComponent.php:173
Stack trace:
#0 /Library/WebServer/Documents/framework/web/CWidgetFactory.php(161): CComponent->__set('brandLabel', 'Title')
#1 /Library/WebServer/Documents/framework/web/CBaseController.php(146): CWidgetFactory->createWidget(Object(SiteController), 'bootstrap.widge...', Array)
#2 /Library/WebServer/Documents/framework/web/CBaseController.php(172): CBaseController->createWidget('bootstrap.widge...', Array)
#3 /Library/WebServer/Documents/project/protected/views/layouts/main.php(38): CBaseController->widget('bootstrap.widge...', Array)
#4 /Library/WebServer/Documents/framework/web/CBaseController.php(126): require('/Library/WebSer...')
#5 /Library/WebServer/Documents/framework/web/CBaseController.php(95): CBaseController->renderInternal('/Library/WebSer...', Array, true)
#6 /Library/WebServer/Documents/framework/web/widgets/CContentDecorator.php(76): CBaseController->renderFile('/Library/WebSer...', Array, true)
#7 /Library/WebServer/Documents/framework/web/widgets/CContentDecorator.php(54): CContentDecorator->decorate('<div id="conten...')
#8 /Library/WebServer/Documents/framework/web/widgets/COutputProcessor.php(44): CContentDecorator->processOutput('<div id="conten...')
#9 /Library/WebServer/Documents/framework/web/CBaseController.php(206): COutputProcessor->run()
#10 /Library/WebServer/Documents/framework/web/CBaseController.php(300): CBaseController->endWidget('CContentDecorat...')
#11 /Library/WebServer/Documents/project/protected/views/layouts/column1.php(6): CBaseController->endContent()
#12 /Library/WebServer/Documents/framework/web/CBaseController.php(126): require('/Library/WebSer...')
#13 /Library/WebServer/Documents/framework/web/CBaseController.php(95): CBaseController->renderInternal('/Library/WebSer...', Array, true)
#14 /Library/WebServer/Documents/framework/web/CController.php(784): CBaseController->renderFile('/Library/WebSer...', Array, true)
#15 /Library/WebServer/Documents/project/protected/controllers/SiteController.php(32): CController->render('index')
#16 /Library/WebServer/Documents/framework/web/actions/CInlineAction.php(49): SiteController->actionIndex()
#17 /Library/WebServer/Documents/framework/web/CController.php(308): CInlineAction->runWithParams(Array)
#18 /Library/WebServer/Documents/framework/web/CController.php(286): CController->runAction(Object(CInlineAction))
#19 /Library/WebServer/Documents/framework/web/CController.php(265): CController->runActionWithFilters(Object(CInlineAction), Array)
#20 /Library/WebServer/Documents/framework/web/CWebApplication.php(282): CController->run('')
#21 /Library/WebServer/Documents/framework/web/CWebApplication.php(141): CWebApplication->runController('')
#22 /Library/WebServer/Documents/framework/base/CApplication.php(169): CWebApplication->processRequest()
#23 /Library/WebServer/Documents/project/index.php(13): CApplication->run()
#24 {main}
REQUEST_URI=/project/
---
2013/08/19 05:44:57 [error] [exception.CException] exception 'CException' with message 'Property "TbNavbar.brandLabel" is not defined.' in /Library/WebServer/Documents/framework/base/CComponent.php:173
Stack trace:
#0 /Library/WebServer/Documents/framework/web/CWidgetFactory.php(161): CComponent->__set('brandLabel', 'Title')
#1 /Library/WebServer/Documents/framework/web/CBaseController.php(146): CWidgetFactory->createWidget(Object(SiteController), 'bootstrap.widge...', Array)
#2 /Library/WebServer/Documents/framework/web/CBaseController.php(172): CBaseController->createWidget('bootstrap.widge...', Array)
#3 /Library/WebServer/Documents/project/protected/views/layouts/main.php(38): CBaseController->widget('bootstrap.widge...', Array)
#4 /Library/WebServer/Documents/framework/web/CBaseController.php(126): require('/Library/WebSer...')
#5 /Library/WebServer/Documents/framework/web/CBaseController.php(95): CBaseController->renderInternal('/Library/WebSer...', Array, true)
#6 /Library/WebServer/Documents/framework/web/widgets/CContentDecorator.php(76): CBaseController->renderFile('/Library/WebSer...', Array, true)
#7 /Library/WebServer/Documents/framework/web/widgets/CContentDecorator.php(54): CContentDecorator->decorate('<div id="conten...')
#8 /Library/WebServer/Documents/framework/web/widgets/COutputProcessor.php(44): CContentDecorator->processOutput('<div id="conten...')
#9 /Library/WebServer/Documents/framework/web/CBaseController.php(206): COutputProcessor->run()
#10 /Library/WebServer/Documents/framework/web/CBaseController.php(300): CBaseController->endWidget('CContentDecorat...')
#11 /Library/WebServer/Documents/project/protected/views/layouts/column1.php(6): CBaseController->endContent()
#12 /Library/WebServer/Documents/framework/web/CBaseController.php(126): require('/Library/WebSer...')
#13 /Library/WebServer/Documents/framework/web/CBaseController.php(95): CBaseController->renderInternal('/Library/WebSer...', Array, true)
#14 /Library/WebServer/Documents/framework/web/CController.php(784): CBaseController->renderFile('/Library/WebSer...', Array, true)
#15 /Library/WebServer/Documents/project/protected/controllers/SiteController.php(32): CController->render('index')
#16 /Library/WebServer/Documents/framework/web/actions/CInlineAction.php(49): SiteController->actionIndex()
#17 /Library/WebServer/Documents/framework/web/CController.php(308): CInlineAction->runWithParams(Array)
#18 /Library/WebServer/Documents/framework/web/CController.php(286): CController->runAction(Object(CInlineAction))
#19 /Library/WebServer/Documents/framework/web/CController.php(265): CController->runActionWithFilters(Object(CInlineAction), Array)
#20 /Library/WebServer/Documents/framework/web/CWebApplication.php(282): CController->run('')
#21 /Library/WebServer/Documents/framework/web/CWebApplication.php(141): CWebApplication->runController('')
#22 /Library/WebServer/Documents/framework/base/CApplication.php(169): CWebApplication->processRequest()
#23 /Library/WebServer/Documents/project/index.php(13): CApplication->run()
#24 {main}
REQUEST_URI=/project/
---
2013/08/19 05:44:58 [error] [exception.CException] exception 'CException' with message 'Property "TbNavbar.brandLabel" is not defined.' in /Library/WebServer/Documents/framework/base/CComponent.php:173
Stack trace:
#0 /Library/WebServer/Documents/framework/web/CWidgetFactory.php(161): CComponent->__set('brandLabel', 'Title')
#1 /Library/WebServer/Documents/framework/web/CBaseController.php(146): CWidgetFactory->createWidget(Object(SiteController), 'bootstrap.widge...', Array)
#2 /Library/WebServer/Documents/framework/web/CBaseController.php(172): CBaseController->createWidget('bootstrap.widge...', Array)
#3 /Library/WebServer/Documents/project/protected/views/layouts/main.php(38): CBaseController->widget('bootstrap.widge...', Array)
#4 /Library/WebServer/Documents/framework/web/CBaseController.php(126): require('/Library/WebSer...')
#5 /Library/WebServer/Documents/framework/web/CBaseController.php(95): CBaseController->renderInternal('/Library/WebSer...', Array, true)
#6 /Library/WebServer/Documents/framework/web/widgets/CContentDecorator.php(76): CBaseController->renderFile('/Library/WebSer...', Array, true)
#7 /Library/WebServer/Documents/framework/web/widgets/CContentDecorator.php(54): CContentDecorator->decorate('<div id="conten...')
#8 /Library/WebServer/Documents/framework/web/widgets/COutputProcessor.php(44): CContentDecorator->processOutput('<div id="conten...')
#9 /Library/WebServer/Documents/framework/web/CBaseController.php(206): COutputProcessor->run()
#10 /Library/WebServer/Documents/framework/web/CBaseController.php(300): CBaseController->endWidget('CContentDecorat...')
#11 /Library/WebServer/Documents/project/protected/views/layouts/column1.php(6): CBaseController->endContent()
#12 /Library/WebServer/Documents/framework/web/CBaseController.php(126): require('/Library/WebSer...')
#13 /Library/WebServer/Documents/framework/web/CBaseController.php(95): CBaseController->renderInternal('/Library/WebSer...', Array, true)
#14 /Library/WebServer/Documents/framework/web/CController.php(784): CBaseController->renderFile('/Library/WebSer...', Array, true)
#15 /Library/WebServer/Documents/project/protected/controllers/SiteController.php(32): CController->render('index')
#16 /Library/WebServer/Documents/framework/web/actions/CInlineAction.php(49): SiteController->actionIndex()
#17 /Library/WebServer/Documents/framework/web/CController.php(308): CInlineAction->runWithParams(Array)
#18 /Library/WebServer/Documents/framework/web/CController.php(286): CController->runAction(Object(CInlineAction))
#19 /Library/WebServer/Documents/framework/web/CController.php(265): CController->runActionWithFilters(Object(CInlineAction), Array)
#20 /Library/WebServer/Documents/framework/web/CWebApplication.php(282): CController->run('')
#21 /Library/WebServer/Documents/framework/web/CWebApplication.php(141): CWebApplication->runController('')
#22 /Library/WebServer/Documents/framework/base/CApplication.php(169): CWebApplication->processRequest()
#23 /Library/WebServer/Documents/project/index.php(13): CApplication->run()
#24 {main}
REQUEST_URI=/project/
---
2013/08/19 05:45:42 [error] [exception.CException] exception 'CException' with message 'Property "TbNavbar.brandLabel" is not defined.' in /Library/WebServer/Documents/framework/base/CComponent.php:173
Stack trace:
#0 /Library/WebServer/Documents/framework/web/CWidgetFactory.php(161): CComponent->__set('brandLabel', 'Title')
#1 /Library/WebServer/Documents/framework/web/CBaseController.php(146): CWidgetFactory->createWidget(Object(SiteController), 'bootstrap.widge...', Array)
#2 /Library/WebServer/Documents/framework/web/CBaseController.php(172): CBaseController->createWidget('bootstrap.widge...', Array)
#3 /Library/WebServer/Documents/project/protected/views/layouts/main.php(38): CBaseController->widget('bootstrap.widge...', Array)
#4 /Library/WebServer/Documents/framework/web/CBaseController.php(126): require('/Library/WebSer...')
#5 /Library/WebServer/Documents/framework/web/CBaseController.php(95): CBaseController->renderInternal('/Library/WebSer...', Array, true)
#6 /Library/WebServer/Documents/framework/web/widgets/CContentDecorator.php(76): CBaseController->renderFile('/Library/WebSer...', Array, true)
#7 /Library/WebServer/Documents/framework/web/widgets/CContentDecorator.php(54): CContentDecorator->decorate('<div id="conten...')
#8 /Library/WebServer/Documents/framework/web/widgets/COutputProcessor.php(44): CContentDecorator->processOutput('<div id="conten...')
#9 /Library/WebServer/Documents/framework/web/CBaseController.php(206): COutputProcessor->run()
#10 /Library/WebServer/Documents/framework/web/CBaseController.php(300): CBaseController->endWidget('CContentDecorat...')
#11 /Library/WebServer/Documents/project/protected/views/layouts/column1.php(6): CBaseController->endContent()
#12 /Library/WebServer/Documents/framework/web/CBaseController.php(126): require('/Library/WebSer...')
#13 /Library/WebServer/Documents/framework/web/CBaseController.php(95): CBaseController->renderInternal('/Library/WebSer...', Array, true)
#14 /Library/WebServer/Documents/framework/web/CController.php(784): CBaseController->renderFile('/Library/WebSer...', Array, true)
#15 /Library/WebServer/Documents/project/protected/controllers/SiteController.php(32): CController->render('index')
#16 /Library/WebServer/Documents/framework/web/actions/CInlineAction.php(49): SiteController->actionIndex()
#17 /Library/WebServer/Documents/framework/web/CController.php(308): CInlineAction->runWithParams(Array)
#18 /Library/WebServer/Documents/framework/web/CController.php(286): CController->runAction(Object(CInlineAction))
#19 /Library/WebServer/Documents/framework/web/CController.php(265): CController->runActionWithFilters(Object(CInlineAction), Array)
#20 /Library/WebServer/Documents/framework/web/CWebApplication.php(282): CController->run('')
#21 /Library/WebServer/Documents/framework/web/CWebApplication.php(141): CWebApplication->runController('')
#22 /Library/WebServer/Documents/framework/base/CApplication.php(169): CWebApplication->processRequest()
#23 /Library/WebServer/Documents/project/index.php(13): CApplication->run()
#24 {main}
REQUEST_URI=/project/
---
2013/08/19 05:47:16 [error] [exception.CException] exception 'CException' with message 'Property "TbNavbar.brandLabel" is not defined.' in /Library/WebServer/Documents/framework/base/CComponent.php:173
Stack trace:
#0 /Library/WebServer/Documents/framework/web/CWidgetFactory.php(161): CComponent->__set('brandLabel', 'Title')
#1 /Library/WebServer/Documents/framework/web/CBaseController.php(146): CWidgetFactory->createWidget(Object(SiteController), 'bootstrap.widge...', Array)
#2 /Library/WebServer/Documents/framework/web/CBaseController.php(172): CBaseController->createWidget('bootstrap.widge...', Array)
#3 /Library/WebServer/Documents/project/protected/views/layouts/main.php(37): CBaseController->widget('bootstrap.widge...', Array)
#4 /Library/WebServer/Documents/framework/web/CBaseController.php(126): require('/Library/WebSer...')
#5 /Library/WebServer/Documents/framework/web/CBaseController.php(95): CBaseController->renderInternal('/Library/WebSer...', Array, true)
#6 /Library/WebServer/Documents/framework/web/widgets/CContentDecorator.php(76): CBaseController->renderFile('/Library/WebSer...', Array, true)
#7 /Library/WebServer/Documents/framework/web/widgets/CContentDecorator.php(54): CContentDecorator->decorate('<div id="conten...')
#8 /Library/WebServer/Documents/framework/web/widgets/COutputProcessor.php(44): CContentDecorator->processOutput('<div id="conten...')
#9 /Library/WebServer/Documents/framework/web/CBaseController.php(206): COutputProcessor->run()
#10 /Library/WebServer/Documents/framework/web/CBaseController.php(300): CBaseController->endWidget('CContentDecorat...')
#11 /Library/WebServer/Documents/project/protected/views/layouts/column1.php(6): CBaseController->endContent()
#12 /Library/WebServer/Documents/framework/web/CBaseController.php(126): require('/Library/WebSer...')
#13 /Library/WebServer/Documents/framework/web/CBaseController.php(95): CBaseController->renderInternal('/Library/WebSer...', Array, true)
#14 /Library/WebServer/Documents/framework/web/CController.php(784): CBaseController->renderFile('/Library/WebSer...', Array, true)
#15 /Library/WebServer/Documents/project/protected/controllers/SiteController.php(32): CController->render('index')
#16 /Library/WebServer/Documents/framework/web/actions/CInlineAction.php(49): SiteController->actionIndex()
#17 /Library/WebServer/Documents/framework/web/CController.php(308): CInlineAction->runWithParams(Array)
#18 /Library/WebServer/Documents/framework/web/CController.php(286): CController->runAction(Object(CInlineAction))
#19 /Library/WebServer/Documents/framework/web/CController.php(265): CController->runActionWithFilters(Object(CInlineAction), Array)
#20 /Library/WebServer/Documents/framework/web/CWebApplication.php(282): CController->run('')
#21 /Library/WebServer/Documents/framework/web/CWebApplication.php(141): CWebApplication->runController('')
#22 /Library/WebServer/Documents/framework/base/CApplication.php(169): CWebApplication->processRequest()
#23 /Library/WebServer/Documents/project/index.php(13): CApplication->run()
#24 {main}
REQUEST_URI=/project/
=======
2013/08/19 11:15:48 [error] [exception.CHttpException.404] exception 'CHttpException' with message 'The system is unable to find the requested action "login".' in /Users/macbook_001/projects/framework/web/CController.php:483
Stack trace:
#0 /Users/macbook_001/projects/framework/web/CController.php(270): CController->missingAction('login')
#1 /Users/macbook_001/projects/framework/web/CWebApplication.php(282): CController->run('login')
#2 /Users/macbook_001/projects/framework/web/CWebApplication.php(141): CWebApplication->runController('user/login')
#3 /Users/macbook_001/projects/framework/base/CApplication.php(169): CWebApplication->processRequest()
#4 /Users/macbook_001/projects/project/index.php(13): CApplication->run()
#5 {main}
REQUEST_URI=/project/index.php?r=user/login
---
2013/08/19 12:51:55 [error] [exception.CException] exception 'CException' with message 'UserController and its behaviors do not have a method or closure named "afterSignIn".' in /Users/macbook_001/projects/framework/base/CComponent.php:265
Stack trace:
#0 /Users/macbook_001/projects/project/protected/controllers/UserController.php(11): CComponent->__call('afterSignIn', Array)
#1 /Users/macbook_001/projects/project/protected/controllers/UserController.php(11): UserController->afterSignIn()
#2 /Users/macbook_001/projects/framework/web/actions/CInlineAction.php(49): UserController->actionSignIn()
#3 /Users/macbook_001/projects/framework/web/CController.php(308): CInlineAction->runWithParams(Array)
#4 /Users/macbook_001/projects/framework/web/CController.php(286): CController->runAction(Object(CInlineAction))
#5 /Users/macbook_001/projects/framework/web/CController.php(265): CController->runActionWithFilters(Object(CInlineAction), Array)
#6 /Users/macbook_001/projects/framework/web/CWebApplication.php(282): CController->run('signin')
#7 /Users/macbook_001/projects/framework/web/CWebApplication.php(141): CWebApplication->runController('user/signin')
#8 /Users/macbook_001/projects/framework/base/CApplication.php(169): CWebApplication->processRequest()
#9 /Users/macbook_001/projects/project/index.php(13): CApplication->run()
#10 {main}
REQUEST_URI=/project/index.php?r=user/signin
HTTP_REFERER=http://localhost/project/index.php?r=user/signin
>>>>>>> task#1001 login
---
2013/08/19 20:52:51 [error] [exception.CDbException] exception 'CDbException' with message 'CDbConnection failed to open the DB connection: SQLSTATE[42000] [1049] Unknown database 'project'' in /var/www/framework/db/CDbConnection.php:381
Stack trace:
#0 /var/www/framework/db/CDbConnection.php(330): CDbConnection->open()
#1 /var/www/framework/db/CDbConnection.php(308): CDbConnection->setActive(true)
#2 /var/www/framework/base/CModule.php(387): CDbConnection->init()
#3 /var/www/framework/base/CApplication.php(438): CModule->getComponent('db')
#4 /var/www/framework/db/ar/CActiveRecord.php(623): CApplication->getDb()
#5 /var/www/framework/db/ar/CActiveRecord.php(2309): CActiveRecord->getDbConnection()
#6 /var/www/framework/db/ar/CActiveRecord.php(387): CActiveRecordMetaData->__construct(Object(User))
#7 /var/www/framework/db/ar/CActiveRecord.php(402): CActiveRecord::model('User')
#8 /var/www/framework/db/ar/CActiveRecord.php(77): CActiveRecord->getMetaData()
#9 /var/www/project/protected/controllers/UserController.php(33): CActiveRecord->__construct()
#10 /var/www/framework/web/actions/CInlineAction.php(49): UserController->actionCreate()
#11 /var/www/framework/web/CController.php(308): CInlineAction->runWithParams(Array)
#12 /var/www/framework/web/CController.php(286): CController->runAction(Object(CInlineAction))
#13 /var/www/framework/web/CController.php(265): CController->runActionWithFilters(Object(CInlineAction), Array)
#14 /var/www/framework/web/CWebApplication.php(282): CController->run('create')
#15 /var/www/framework/web/CWebApplication.php(141): CWebApplication->runController('user/create')
#16 /var/www/framework/base/CApplication.php(169): CWebApplication->processRequest()
#17 /var/www/project/index.php(13): CApplication->run()
#18 {main}
REQUEST_URI=/project/index.php?r=user/create
HTTP_REFERER=http://localhost/project/
---
2013/08/19 21:06:44 [error] [exception.CHttpException.404] exception 'CHttpException' with message 'Unable to resolve the request "home/index".' in /var/www/framework/web/CWebApplication.php:286
Stack trace:
#0 /var/www/framework/web/CWebApplication.php(141): CWebApplication->runController('home/index')
#1 /var/www/framework/base/CApplication.php(169): CWebApplication->processRequest()
#2 /var/www/project/index.php(13): CApplication->run()
#3 {main}
REQUEST_URI=/project/index.php?r=home/index
HTTP_REFERER=http://localhost/project/index.php?r=user/create
---
2013/08/19 23:14:03 [error] [exception.CHttpException.404] exception 'CHttpException' with message 'Unable to resolve the request "home/index".' in /var/www/framework/web/CWebApplication.php:286
Stack trace:
#0 /var/www/framework/web/CWebApplication.php(141): CWebApplication->runController('home/index')
#1 /var/www/framework/base/CApplication.php(169): CWebApplication->processRequest()
#2 /var/www/project/index.php(13): CApplication->run()
#3 {main}
REQUEST_URI=/project/index.php?r=home/index
HTTP_REFERER=http://localhost/project/index.php?r=user/signin
---
2013/08/19 23:14:04 [error] [exception.CHttpException.404] exception 'CHttpException' with message 'Unable to resolve the request "home/contact".' in /var/www/framework/web/CWebApplication.php:286
Stack trace:
#0 /var/www/framework/web/CWebApplication.php(141): CWebApplication->runController('home/contact')
#1 /var/www/framework/base/CApplication.php(169): CWebApplication->processRequest()
#2 /var/www/project/index.php(13): CApplication->run()
#3 {main}
REQUEST_URI=/project/index.php?r=home/contact
HTTP_REFERER=http://localhost/project/index.php?r=home/index
---
2013/08/19 23:14:05 [error] [exception.CHttpException.404] exception 'CHttpException' with message 'Unable to resolve the request "home/contact".' in /var/www/framework/web/CWebApplication.php:286
Stack trace:
#0 /var/www/framework/web/CWebApplication.php(141): CWebApplication->runController('home/contact')
#1 /var/www/framework/base/CApplication.php(169): CWebApplication->processRequest()
#2 /var/www/project/index.php(13): CApplication->run()
#3 {main}
REQUEST_URI=/project/index.php?r=home/contact
HTTP_REFERER=http://localhost/project/index.php?r=home/contact
---
2013/08/19 23:14:05 [error] [exception.CHttpException.404] exception 'CHttpException' with message 'Unable to resolve the request "home/index".' in /var/www/framework/web/CWebApplication.php:286
Stack trace:
#0 /var/www/framework/web/CWebApplication.php(141): CWebApplication->runController('home/index')
#1 /var/www/framework/base/CApplication.php(169): CWebApplication->processRequest()
#2 /var/www/project/index.php(13): CApplication->run()
#3 {main}
REQUEST_URI=/project/index.php?r=home/index
HTTP_REFERER=http://localhost/project/index.php?r=home/contact
---
2013/08/19 23:17:35 [error] [exception.CHttpException.404] exception 'CHttpException' with message 'Unable to resolve the request "home/index".' in /var/www/framework/web/CWebApplication.php:286
Stack trace:
#0 /var/www/framework/web/CWebApplication.php(141): CWebApplication->runController('home/index')
#1 /var/www/framework/base/CApplication.php(169): CWebApplication->processRequest()
#2 /var/www/project/index.php(13): CApplication->run()
#3 {main}
REQUEST_URI=/project/index.php?r=home/index
HTTP_REFERER=http://localhost/project/index.php?r=user/signin
---
2013/08/19 23:17:37 [error] [exception.CHttpException.404] exception 'CHttpException' with message 'Unable to resolve the request "home/contact".' in /var/www/framework/web/CWebApplication.php:286
Stack trace:
#0 /var/www/framework/web/CWebApplication.php(141): CWebApplication->runController('home/contact')
#1 /var/www/framework/base/CApplication.php(169): CWebApplication->processRequest()
#2 /var/www/project/index.php(13): CApplication->run()
#3 {main}
REQUEST_URI=/project/index.php?r=home/contact
HTTP_REFERER=http://localhost/project/index.php?r=home/index
---
2013/08/19 23:17:37 [error] [exception.CHttpException.404] exception 'CHttpException' with message 'Unable to resolve the request "home/contact".' in /var/www/framework/web/CWebApplication.php:286
Stack trace:
#0 /var/www/framework/web/CWebApplication.php(141): CWebApplication->runController('home/contact')
#1 /var/www/framework/base/CApplication.php(169): CWebApplication->processRequest()
#2 /var/www/project/index.php(13): CApplication->run()
#3 {main}
REQUEST_URI=/project/index.php?r=home/contact
HTTP_REFERER=http://localhost/project/index.php?r=home/contact
---
2013/08/19 23:36:19 [error] [exception.CHttpException.404] exception 'CHttpException' with message 'Unable to resolve the request "home/index".' in /var/www/framework/web/CWebApplication.php:286
Stack trace:
#0 /var/www/framework/web/CWebApplication.php(141): CWebApplication->runController('home/index')
#1 /var/www/framework/base/CApplication.php(169): CWebApplication->processRequest()
#2 /var/www/project/index.php(13): CApplication->run()
#3 {main}
REQUEST_URI=/project/index.php?r=home/index
HTTP_REFERER=http://localhost/project/index.php?r=user/signin
---
2013/08/20 03:29:21 [error] [exception.CException] exception 'CException' with message 'CAssetManager.basePath "/Library/WebServer/Documents/project/assets" is invalid. Please make sure the directory exists and is writable by the Web server process.' in /Library/WebServer/Documents/framework/web/CAssetManager.php:138
Stack trace:
#0 /Library/WebServer/Documents/framework/web/CAssetManager.php(123): CAssetManager->setBasePath('/Library/WebSer...')
#1 /Library/WebServer/Documents/framework/web/CAssetManager.php(217): CAssetManager->getBasePath()
#2 /Library/WebServer/Documents/project/protected/extensions/bootstrap/components/Bootstrap.php(306): CAssetManager->publish('/Library/WebSer...', true, -1, false)
#3 /Library/WebServer/Documents/project/protected/extensions/bootstrap/components/Bootstrap.php(50): Bootstrap->getAssetsUrl()
#4 /Library/WebServer/Documents/project/protected/extensions/bootstrap/components/Bootstrap.php(81): Bootstrap->registerCoreCss()
#5 /Library/WebServer/Documents/project/protected/extensions/bootstrap/components/Bootstrap.php(115): Bootstrap->registerAllCss()
#6 /Library/WebServer/Documents/project/protected/views/layouts/main.php(14): Bootstrap->register()
#7 /Library/WebServer/Documents/framework/web/CBaseController.php(126): require('/Library/WebSer...')
#8 /Library/WebServer/Documents/framework/web/CBaseController.php(95): CBaseController->renderInternal('/Library/WebSer...', Array, true)
#9 /Library/WebServer/Documents/framework/web/widgets/CContentDecorator.php(76): CBaseController->renderFile('/Library/WebSer...', Array, true)
#10 /Library/WebServer/Documents/framework/web/widgets/CContentDecorator.php(54): CContentDecorator->decorate('<div id="conten...')
#11 /Library/WebServer/Documents/framework/web/widgets/COutputProcessor.php(44): CContentDecorator->processOutput('<div id="conten...')
#12 /Library/WebServer/Documents/framework/web/CBaseController.php(206): COutputProcessor->run()
#13 /Library/WebServer/Documents/framework/web/CBaseController.php(300): CBaseController->endWidget('CContentDecorat...')
#14 /Library/WebServer/Documents/project/protected/views/layouts/column1.php(6): CBaseController->endContent()
#15 /Library/WebServer/Documents/framework/web/CBaseController.php(126): require('/Library/WebSer...')
#16 /Library/WebServer/Documents/framework/web/CBaseController.php(95): CBaseController->renderInternal('/Library/WebSer...', Array, true)
#17 /Library/WebServer/Documents/framework/web/CController.php(784): CBaseController->renderFile('/Library/WebSer...', Array, true)
#18 /Library/WebServer/Documents/project/protected/controllers/SiteController.php(32): CController->render('index')
#19 /Library/WebServer/Documents/framework/web/actions/CInlineAction.php(49): SiteController->actionIndex()
#20 /Library/WebServer/Documents/framework/web/CController.php(308): CInlineAction->runWithParams(Array)
#21 /Library/WebServer/Documents/framework/web/CController.php(286): CController->runAction(Object(CInlineAction))
#22 /Library/WebServer/Documents/framework/web/CController.php(265): CController->runActionWithFilters(Object(CInlineAction), Array)
#23 /Library/WebServer/Documents/framework/web/CWebApplication.php(282): CController->run('')
#24 /Library/WebServer/Documents/framework/web/CWebApplication.php(141): CWebApplication->runController('')
#25 /Library/WebServer/Documents/framework/base/CApplication.php(169): CWebApplication->processRequest()
#26 /Library/WebServer/Documents/project/index.php(13): CApplication->run()
#27 {main}
REQUEST_URI=/project/
---
2013/08/20 03:29:23 [error] [exception.CException] exception 'CException' with message 'CAssetManager.basePath "/Library/WebServer/Documents/project/assets" is invalid. Please make sure the directory exists and is writable by the Web server process.' in /Library/WebServer/Documents/framework/web/CAssetManager.php:138
Stack trace:
#0 /Library/WebServer/Documents/framework/web/CAssetManager.php(123): CAssetManager->setBasePath('/Library/WebSer...')
#1 /Library/WebServer/Documents/framework/web/CAssetManager.php(217): CAssetManager->getBasePath()
#2 /Library/WebServer/Documents/project/protected/extensions/bootstrap/components/Bootstrap.php(306): CAssetManager->publish('/Library/WebSer...', true, -1, false)
#3 /Library/WebServer/Documents/project/protected/extensions/bootstrap/components/Bootstrap.php(50): Bootstrap->getAssetsUrl()
#4 /Library/WebServer/Documents/project/protected/extensions/bootstrap/components/Bootstrap.php(81): Bootstrap->registerCoreCss()
#5 /Library/WebServer/Documents/project/protected/extensions/bootstrap/components/Bootstrap.php(115): Bootstrap->registerAllCss()
#6 /Library/WebServer/Documents/project/protected/views/layouts/main.php(14): Bootstrap->register()
#7 /Library/WebServer/Documents/framework/web/CBaseController.php(126): require('/Library/WebSer...')
#8 /Library/WebServer/Documents/framework/web/CBaseController.php(95): CBaseController->renderInternal('/Library/WebSer...', Array, true)
#9 /Library/WebServer/Documents/framework/web/widgets/CContentDecorator.php(76): CBaseController->renderFile('/Library/WebSer...', Array, true)
#10 /Library/WebServer/Documents/framework/web/widgets/CContentDecorator.php(54): CContentDecorator->decorate('<div id="conten...')
#11 /Library/WebServer/Documents/framework/web/widgets/COutputProcessor.php(44): CContentDecorator->processOutput('<div id="conten...')
#12 /Library/WebServer/Documents/framework/web/CBaseController.php(206): COutputProcessor->run()
#13 /Library/WebServer/Documents/framework/web/CBaseController.php(300): CBaseController->endWidget('CContentDecorat...')
#14 /Library/WebServer/Documents/project/protected/views/layouts/column1.php(6): CBaseController->endContent()
#15 /Library/WebServer/Documents/framework/web/CBaseController.php(126): require('/Library/WebSer...')
#16 /Library/WebServer/Documents/framework/web/CBaseController.php(95): CBaseController->renderInternal('/Library/WebSer...', Array, true)
#17 /Library/WebServer/Documents/framework/web/CController.php(784): CBaseController->renderFile('/Library/WebSer...', Array, true)
#18 /Library/WebServer/Documents/project/protected/controllers/SiteController.php(32): CController->render('index')
#19 /Library/WebServer/Documents/framework/web/actions/CInlineAction.php(49): SiteController->actionIndex()
#20 /Library/WebServer/Documents/framework/web/CController.php(308): CInlineAction->runWithParams(Array)
#21 /Library/WebServer/Documents/framework/web/CController.php(286): CController->runAction(Object(CInlineAction))
#22 /Library/WebServer/Documents/framework/web/CController.php(265): CController->runActionWithFilters(Object(CInlineAction), Array)
#23 /Library/WebServer/Documents/framework/web/CWebApplication.php(282): CController->run('')
#24 /Library/WebServer/Documents/framework/web/CWebApplication.php(141): CWebApplication->runController('')
#25 /Library/WebServer/Documents/framework/base/CApplication.php(169): CWebApplication->processRequest()
#26 /Library/WebServer/Documents/project/index.php(13): CApplication->run()
#27 {main}
REQUEST_URI=/project/
---
2013/08/20 03:29:25 [error] [exception.CException] exception 'CException' with message 'CAssetManager.basePath "/Library/WebServer/Documents/project/assets" is invalid. Please make sure the directory exists and is writable by the Web server process.' in /Library/WebServer/Documents/framework/web/CAssetManager.php:138
Stack trace:
#0 /Library/WebServer/Documents/framework/web/CAssetManager.php(123): CAssetManager->setBasePath('/Library/WebSer...')
#1 /Library/WebServer/Documents/framework/web/CAssetManager.php(217): CAssetManager->getBasePath()
#2 /Library/WebServer/Documents/project/protected/extensions/bootstrap/components/Bootstrap.php(306): CAssetManager->publish('/Library/WebSer...', true, -1, false)
#3 /Library/WebServer/Documents/project/protected/extensions/bootstrap/components/Bootstrap.php(50): Bootstrap->getAssetsUrl()
#4 /Library/WebServer/Documents/project/protected/extensions/bootstrap/components/Bootstrap.php(81): Bootstrap->registerCoreCss()
#5 /Library/WebServer/Documents/project/protected/extensions/bootstrap/components/Bootstrap.php(115): Bootstrap->registerAllCss()
#6 /Library/WebServer/Documents/project/protected/views/layouts/main.php(14): Bootstrap->register()
#7 /Library/WebServer/Documents/framework/web/CBaseController.php(126): require('/Library/WebSer...')
#8 /Library/WebServer/Documents/framework/web/CBaseController.php(95): CBaseController->renderInternal('/Library/WebSer...', Array, true)
#9 /Library/WebServer/Documents/framework/web/widgets/CContentDecorator.php(76): CBaseController->renderFile('/Library/WebSer...', Array, true)
#10 /Library/WebServer/Documents/framework/web/widgets/CContentDecorator.php(54): CContentDecorator->decorate('<div id="conten...')
#11 /Library/WebServer/Documents/framework/web/widgets/COutputProcessor.php(44): CContentDecorator->processOutput('<div id="conten...')
#12 /Library/WebServer/Documents/framework/web/CBaseController.php(206): COutputProcessor->run()
#13 /Library/WebServer/Documents/framework/web/CBaseController.php(300): CBaseController->endWidget('CContentDecorat...')
#14 /Library/WebServer/Documents/project/protected/views/layouts/column1.php(6): CBaseController->endContent()
#15 /Library/WebServer/Documents/framework/web/CBaseController.php(126): require('/Library/WebSer...')
#16 /Library/WebServer/Documents/framework/web/CBaseController.php(95): CBaseController->renderInternal('/Library/WebSer...', Array, true)
#17 /Library/WebServer/Documents/framework/web/CController.php(784): CBaseController->renderFile('/Library/WebSer...', Array, true)
#18 /Library/WebServer/Documents/project/protected/controllers/SiteController.php(32): CController->render('index')
#19 /Library/WebServer/Documents/framework/web/actions/CInlineAction.php(49): SiteController->actionIndex()
#20 /Library/WebServer/Documents/framework/web/CController.php(308): CInlineAction->runWithParams(Array)
#21 /Library/WebServer/Documents/framework/web/CController.php(286): CController->runAction(Object(CInlineAction))
#22 /Library/WebServer/Documents/framework/web/CController.php(265): CController->runActionWithFilters(Object(CInlineAction), Array)
#23 /Library/WebServer/Documents/framework/web/CWebApplication.php(282): CController->run('')
#24 /Library/WebServer/Documents/framework/web/CWebApplication.php(141): CWebApplication->runController('')
#25 /Library/WebServer/Documents/framework/base/CApplication.php(169): CWebApplication->processRequest()
#26 /Library/WebServer/Documents/project/index.php(13): CApplication->run()
#27 {main}
REQUEST_URI=/project/
---
